
> @luminate/database@ codegen /Users/monkeydev/Desktop/projects/custom-luminate/packages/database
> prisma generate && pnpm build-zod && pnpm build-entrypoint

[2mPrisma schema loaded from prisma/schema.prisma[22m

✔ Generated [1mPrisma Client[22m (5.0.0 | library)[2m to ./src/generated/client[22m in 558ms

✔ Generated [1mZod Schemas[22m (0.5.4)[2m to ./src/generated/zod[22m in 359ms
You can now start using Prisma Client in your code. Reference: ]8;;https://pris.ly/d/clienthttps://pris.ly/d/client]8;;
[2m```[22m
[36mimport[39m [34m{[39m PrismaClient [34m}[39m [36mfrom[39m [1m[32m'./src/generated/client'[39m[22m
[36mconst[39m prisma = [36mnew[39m PrismaClient[34m([39m[34m)[39m
[2m```[22m

> @luminate/database@ build-zod /Users/monkeydev/Desktop/projects/custom-luminate/packages/database
> tsup src/generated/zod/*.ts --outDir src/generated/zod

[34mCLI[39m Building entry: src/generated/zod/banner.ts, src/generated/zod/discountcode.ts, src/generated/zod/discountcodegroup.ts, src/generated/zod/fundamentalcourse.ts, src/generated/zod/index.ts, src/generated/zod/livecourse.ts, src/generated/zod/livecourseaddon.ts, src/generated/zod/livecoursebooking.ts, src/generated/zod/livecoursecharge.ts, src/generated/zod/livecoursechatroom.ts, src/generated/zod/livecoursecomment.ts, src/generated/zod/livecourseimagedescription.ts, src/generated/zod/livecoursepackage.ts, src/generated/zod/livecoursepageui.ts, src/generated/zod/livecoursesonusers.ts, src/generated/zod/livecoursetrialonuser.ts, src/generated/zod/livesession.ts, src/generated/zod/livesessionquiz.ts, src/generated/zod/mockexam.ts, src/generated/zod/shippingaddress.ts, src/generated/zod/studentonlivesession.ts, src/generated/zod/studentonlivesessionquiz.ts, src/generated/zod/tutorcard.ts
[34mCLI[39m Using tsconfig: tsconfig.json
[34mCLI[39m tsup v7.1.0
[34mCLI[39m Using tsup config: /Users/monkeydev/Desktop/projects/custom-luminate/packages/database/tsup.config.ts
[34mCLI[39m Target: node16
[34mCJS[39m Build start
[34mESM[39m Build start
[32mESM[39m [1msrc/generated/zod/mockexam.mjs                   [22m[32m367.00 B[39m
[32mESM[39m [1msrc/generated/zod/livesessionquiz.mjs            [22m[32m828.00 B[39m
[32mESM[39m [1msrc/generated/zod/shippingaddress.mjs            [22m[32m674.00 B[39m
[32mESM[39m [1msrc/generated/zod/studentonlivesessionquiz.mjs   [22m[32m736.00 B[39m
[32mESM[39m [1msrc/generated/zod/studentonlivesession.mjs       [22m[32m526.00 B[39m
[32mESM[39m [1msrc/generated/zod/livecoursepageui.mjs           [22m[32m383.00 B[39m
[32mESM[39m [1msrc/generated/zod/livecourseimagedescription.mjs [22m[32m549.00 B[39m
[32mESM[39m [1msrc/generated/zod/livecoursepackage.mjs          [22m[32m732.00 B[39m
[32mESM[39m [1msrc/generated/zod/livecoursetrialonuser.mjs      [22m[32m482.00 B[39m
[32mESM[39m [1msrc/generated/zod/livecoursecomment.mjs          [22m[32m515.00 B[39m
[32mESM[39m [1msrc/generated/zod/tutorcard.mjs                  [22m[32m258.00 B[39m
[32mESM[39m [1msrc/generated/zod/banner.mjs                     [22m[32m319.00 B[39m
[32mESM[39m [1msrc/generated/zod/livecoursesonusers.mjs         [22m[32m1.09 KB[39m
[32mESM[39m [1msrc/generated/zod/discountcode.mjs               [22m[32m871.00 B[39m
[32mESM[39m [1msrc/generated/zod/discountcodegroup.mjs          [22m[32m415.00 B[39m
[32mESM[39m [1msrc/generated/zod/fundamentalcourse.mjs          [22m[32m432.00 B[39m
[32mESM[39m [1msrc/generated/zod/livecourse.mjs                 [22m[32m3.62 KB[39m
[32mESM[39m [1msrc/generated/zod/livecoursecharge.mjs           [22m[32m903.00 B[39m
[32mESM[39m [1msrc/generated/zod/livecoursechatroom.mjs         [22m[32m488.00 B[39m
[32mESM[39m [1msrc/generated/zod/livesession.mjs                [22m[32m1.28 KB[39m
[32mESM[39m [1msrc/generated/zod/index.mjs                      [22m[32m785.00 B[39m
[32mESM[39m [1msrc/generated/zod/livecourseaddon.mjs            [22m[32m433.00 B[39m
[32mESM[39m [1msrc/generated/zod/livecoursebooking.mjs          [22m[32m1.10 KB[39m
[32mESM[39m ⚡️ Build success in 42ms
[32mCJS[39m [1msrc/generated/zod/banner.js                     [22m[32m1.89 KB[39m
[32mCJS[39m [1msrc/generated/zod/discountcode.js               [22m[32m2.50 KB[39m
[32mCJS[39m [1msrc/generated/zod/discountcodegroup.js          [22m[32m2.11 KB[39m
[32mCJS[39m [1msrc/generated/zod/livecoursebooking.js          [22m[32m2.79 KB[39m
[32mCJS[39m [1msrc/generated/zod/index.js                      [22m[32m3.26 KB[39m
[32mCJS[39m [1msrc/generated/zod/livecourse.js                 [22m[32m5.07 KB[39m
[32mCJS[39m [1msrc/generated/zod/livecoursecharge.js           [22m[32m2.55 KB[39m
[32mCJS[39m [1msrc/generated/zod/livecoursechatroom.js         [22m[32m2.19 KB[39m
[32mCJS[39m [1msrc/generated/zod/livecourseaddon.js            [22m[32m2.11 KB[39m
[32mCJS[39m [1msrc/generated/zod/fundamentalcourse.js          [22m[32m2.13 KB[39m
[32mCJS[39m [1msrc/generated/zod/livecoursecomment.js          [22m[32m2.21 KB[39m
[32mCJS[39m [1msrc/generated/zod/livecourseimagedescription.js [22m[32m2.30 KB[39m
[32mCJS[39m [1msrc/generated/zod/livecoursepackage.js          [22m[32m2.42 KB[39m
[32mCJS[39m [1msrc/generated/zod/livecoursepageui.js           [22m[32m2.00 KB[39m
[32mCJS[39m [1msrc/generated/zod/livecoursetrialonuser.js      [22m[32m2.19 KB[39m
[32mCJS[39m [1msrc/generated/zod/livecoursesonusers.js         [22m[32m2.77 KB[39m
[32mCJS[39m [1msrc/generated/zod/livesession.js                [22m[32m2.84 KB[39m
[32mCJS[39m [1msrc/generated/zod/livesessionquiz.js            [22m[32m2.48 KB[39m
[32mCJS[39m [1msrc/generated/zod/mockexam.js                   [22m[32m2.00 KB[39m
[32mCJS[39m [1msrc/generated/zod/studentonlivesession.js       [22m[32m2.24 KB[39m
[32mCJS[39m [1msrc/generated/zod/studentonlivesessionquiz.js   [22m[32m2.45 KB[39m
[32mCJS[39m [1msrc/generated/zod/tutorcard.js                  [22m[32m1.85 KB[39m
[32mCJS[39m [1msrc/generated/zod/shippingaddress.js            [22m[32m2.32 KB[39m
[32mCJS[39m ⚡️ Build success in 45ms

> @luminate/database@ build-entrypoint /Users/monkeydev/Desktop/projects/custom-luminate/packages/database
> tsup src/index.ts --outDir src

[34mCLI[39m Building entry: src/index.ts
[34mCLI[39m Using tsconfig: tsconfig.json
[34mCLI[39m tsup v7.1.0
[34mCLI[39m Using tsup config: /Users/monkeydev/Desktop/projects/custom-luminate/packages/database/tsup.config.ts
[34mCLI[39m Target: node16
[34mCJS[39m Build start
[34mESM[39m Build start
[32mCJS[39m [1msrc/index.js [22m[32m1.16 KB[39m
[32mCJS[39m ⚡️ Build success in 5ms
[32mESM[39m [1msrc/index.mjs [22m[32m69.00 B[39m
[32mESM[39m ⚡️ Build success in 5ms
